Log file open, 07/28/19 19:46:26
LogWindows: Failed to load 'aqProf.dll' (GetLastError=126)
LogWindows: File 'aqProf.dll' does not exist
LogWindows: Failed to load 'VtuneApi.dll' (GetLastError=126)
LogWindows: File 'VtuneApi.dll' does not exist
LogWindows: Failed to load 'VtuneApi32e.dll' (GetLastError=126)
LogWindows: File 'VtuneApi32e.dll' does not exist
LogConsoleResponse: Display: Failed to find resolution value strings in scalability ini. Falling back to default.
LogInit: Display: Running engine for game: VS_01
LogPakFile: Registered encryption key '00000000000000000000000000000000': 0 pak files mounted, 0 remain pending
LogPlatformFile: Not using cached read wrapper
LogTaskGraph: Started task graph with 5 named threads and 23 total threads with 3 sets of task threads.
LogStats: Stats thread started at 0.633230
LogD3D11RHI: Loaded GFSDK_Aftermath_Lib.x64.dll
LogICUInternationalization: ICU TimeZone Detection - Raw Offset: -8:00, Platform Override: ''
LogPluginManager: Mounting plugin Paper2D
LogPluginManager: Mounting plugin AISupport
LogPluginManager: Mounting plugin LightPropagationVolume
LogPluginManager: Mounting plugin ActorLayerUtilities
LogPluginManager: Mounting plugin CLionSourceCodeAccess
LogPluginManager: Mounting plugin CodeLiteSourceCodeAccess
LogPluginManager: Mounting plugin GitSourceControl
LogPluginManager: Mounting plugin KDevelopSourceCodeAccess
LogPluginManager: Mounting plugin NullSourceCodeAccess
LogPluginManager: Mounting plugin PerforceSourceControl
LogPluginManager: Mounting plugin SubversionSourceControl
LogPluginManager: Mounting plugin UObjectPlugin
LogPluginManager: Mounting plugin VisualStudioCodeSourceCodeAccess
LogPluginManager: Mounting plugin VisualStudioSourceCodeAccess
LogPluginManager: Mounting plugin XCodeSourceCodeAccess
LogPluginManager: Mounting plugin AssetManagerEditor
LogPluginManager: Mounting plugin CryptoKeys
LogPluginManager: Mounting plugin DataValidation
LogPluginManager: Mounting plugin FacialAnimation
LogPluginManager: Mounting plugin GameplayTagsEditor
LogPluginManager: Mounting plugin MacGraphicsSwitching
LogPluginManager: Mounting plugin MeshEditor
LogPluginManager: Mounting plugin MobileLauncherProfileWizard
LogPluginManager: Mounting plugin PluginBrowser
LogPluginManager: Mounting plugin SpeedTreeImporter
LogPluginManager: Mounting plugin DatasmithContent
LogPluginManager: Mounting plugin VariantManagerContent
LogPluginManager: Mounting plugin AlembicImporter
LogPluginManager: Mounting plugin AppleImageUtils
LogPluginManager: Mounting plugin AppleVision
LogPluginManager: Mounting plugin BackChannel
LogPluginManager: Mounting plugin CharacterAI
LogPluginManager: Mounting plugin GeometryCache
LogPluginManager: Mounting plugin HTML5Networking
LogPluginManager: Mounting plugin ProxyLODPlugin
LogPluginManager: Mounting plugin MagicLeap
LogPluginManager: Mounting plugin MagicLeapMedia
LogPluginManager: Mounting plugin AndroidMedia
LogPluginManager: Mounting plugin AvfMedia
LogPluginManager: Mounting plugin ImgMedia
LogPluginManager: Mounting plugin LinearTimecode
LogPluginManager: Mounting plugin MediaCompositing
LogPluginManager: Mounting plugin MediaPlayerEditor
LogPluginManager: Mounting plugin WebMMedia
LogPluginManager: Mounting plugin WmfMedia
LogPluginManager: Mounting plugin TcpMessaging
LogPluginManager: Mounting plugin UdpMessaging
LogPluginManager: Mounting plugin ActorSequence
LogPluginManager: Mounting plugin LevelSequenceEditor
LogPluginManager: Mounting plugin MatineeToLevelSequence
LogPluginManager: Mounting plugin NetcodeUnitTest
LogPluginManager: Mounting plugin NUTUnrealEngine4
LogPluginManager: Mounting plugin OnlineSubsystemGooglePlay
LogPluginManager: Mounting plugin OnlineSubsystemIOS
LogPluginManager: Mounting plugin OnlineSubsystem
LogPluginManager: Mounting plugin OnlineSubsystemNull
LogPluginManager: Mounting plugin OnlineSubsystemUtils
LogPluginManager: Mounting plugin LauncherChunkInstaller
LogPluginManager: Mounting plugin AndroidDeviceProfileSelector
LogPluginManager: Mounting plugin AndroidMoviePlayer
LogPluginManager: Mounting plugin AndroidPermission
LogPluginManager: Mounting plugin AppleMoviePlayer
LogPluginManager: Mounting plugin ArchVisCharacter
LogPluginManager: Mounting plugin AudioCapture
LogPluginManager: Mounting plugin CableComponent
LogPluginManager: Mounting plugin CustomMeshComponent
LogPluginManager: Mounting plugin EditableMesh
LogPluginManager: Mounting plugin ExampleDeviceProfileSelector
LogPluginManager: Mounting plugin Firebase
LogPluginManager: Mounting plugin GoogleCloudMessaging
LogPluginManager: Mounting plugin IOSDeviceProfileSelector
LogPluginManager: Mounting plugin LinuxDeviceProfileSelector
LogPluginManager: Mounting plugin LocationServicesBPLibrary
LogPluginManager: Mounting plugin MobilePatchingUtils
LogPluginManager: Mounting plugin OculusVR
LogPluginManager: Mounting plugin PhysXVehicles
LogPluginManager: Mounting plugin ProceduralMeshComponent
LogPluginManager: Mounting plugin RuntimePhysXCooking
LogPluginManager: Mounting plugin SteamVR
LogPluginManager: Mounting plugin WebMMoviePlayer
LogPluginManager: Mounting plugin WindowsMoviePlayer
LogStreaming: Display: Took  0.181s to configure plugins.
LogInit: Using libcurl 7.55.1-DEV
LogInit:  - built for x86_64-pc-win32
LogInit:  - supports SSL with OpenSSL/1.0.2h
LogInit:  - supports HTTP deflate (compression) using libz 1.2.8
LogInit:  - other features:
LogInit:      CURL_VERSION_SSL
LogInit:      CURL_VERSION_LIBZ
LogInit:      CURL_VERSION_IPV6
LogInit:      CURL_VERSION_ASYNCHDNS
LogInit:      CURL_VERSION_LARGEFILE
LogInit:      CURL_VERSION_IDN
LogInit:  CurlRequestOptions (configurable via config and command line):
LogInit:  - bVerifyPeer = true  - Libcurl will verify peer certificate
LogInit:  - bUseHttpProxy = false  - Libcurl will NOT use HTTP proxy
LogInit:  - bDontReuseConnections = false  - Libcurl will reuse connections
LogInit:  - MaxHostConnections = 16  - Libcurl will limit the number of connections to a host
LogInit:  - LocalHostAddr = Default
LogInit:  - BufferSize = 65536
LogInit: WinSock: version 1.1 (2.2), MaxSocks=32767, MaxUdp=65467
LogInit: Build: ++UE4+Release-4.21-CL-4753647
LogInit: Engine Version: 4.21.2-4753647+++UE4+Release-4.21
LogInit: Compatible Engine Version: 4.21.0-4541578+++UE4+Release-4.21
LogInit: Net CL: 4541578
LogInit: OS: Windows 10 (), CPU: Intel(R) Core(TM) i7-6700HQ CPU @ 2.60GHz, GPU: Intel(R) HD Graphics 530
LogInit: Compiled (64-bit): Jan 19 2019 02:07:31
LogInit: Compiled with Visual C++: 19.13.26129.00
LogInit: Build Configuration: Development
LogInit: Branch Name: ++UE4+Release-4.21
LogInit: Command Line: 
LogInit: Base Directory: F:/Program Files/Epic Games/UE_4.21/Engine/Binaries/Win64/
LogInit: Installed Engine Build: 1
LogDevObjectVersion: Number of dev versions registered: 22
LogDevObjectVersion:   Dev-Blueprints (B0D832E4-1F89-4F0D-ACCF-7EB736FD4AA2): 10
LogDevObjectVersion:   Dev-Build (E1C64328-A22C-4D53-A36C-8E866417BD8C): 0
LogDevObjectVersion:   Dev-Core (375EC13C-06E4-48FB-B500-84F0262A717E): 2
LogDevObjectVersion:   Dev-Editor (E4B068ED-F494-42E9-A231-DA0B2E46BB41): 26
LogDevObjectVersion:   Dev-Framework (CFFC743F-43B0-4480-9391-14DF171D2073): 34
LogDevObjectVersion:   Dev-Mobile (B02B49B5-BB20-44E9-A304-32B752E40360): 2
LogDevObjectVersion:   Dev-Networking (A4E4105C-59A1-49B5-A7C5-40C4547EDFEE): 0
LogDevObjectVersion:   Dev-Online (39C831C9-5AE6-47DC-9A44-9C173E1C8E7C): 0
LogDevObjectVersion:   Dev-Physics (78F01B33-EBEA-4F98-B9B4-84EACCB95AA2): 0
LogDevObjectVersion:   Dev-Platform (6631380F-2D4D-43E0-8009-CF276956A95A): 0
LogDevObjectVersion:   Dev-Rendering (12F88B9F-8875-4AFC-A67C-D90C383ABD29): 27
LogDevObjectVersion:   Dev-Sequencer (7B5AE74C-D270-4C10-A958-57980B212A5A): 9
LogDevObjectVersion:   Dev-VR (D7296918-1DD6-4BDD-9DE2-64A83CC13884): 2
LogDevObjectVersion:   Dev-LoadTimes (C2A15278-BFE7-4AFE-6C17-90FF531DF755): 1
LogDevObjectVersion:   Private-Geometry (6EACA3D4-40EC-4CC1-B786-8BED09428FC5): 3
LogDevObjectVersion:   Dev-AnimPhys (29E575DD-E0A3-4627-9D10-D276232CDCEA): 17
LogDevObjectVersion:   Dev-Anim (AF43A65D-7FD3-4947-9873-3E8ED9C1BB05): 2
LogDevObjectVersion:   Dev-ReflectionCapture (6B266CEC-1EC7-4B8F-A30B-E4D90942FC07): 1
LogDevObjectVersion:   Dev-Automation (0DF73D61-A23F-47EA-B727-89E90C41499A): 1
LogDevObjectVersion:   FortniteMain (601D1886-AC64-4F84-AA16-D3DE0DEAC7D6): 17
LogDevObjectVersion:   Dev-Enterprise (9DFFBCD6-494F-0158-E221-12823C92A888): 4
LogDevObjectVersion:   Dev-Niagara (F2AED0AC-9AFE-416F-8664-AA7FFA26D6FC): 1
LogStreaming: Display: Took  0.002s to delete old logs.
LogInit: Presizing for max 8388607 objects, including 0 objects not considered by GC, pre-allocating 0 bytes for permanent pool.
LogInit: Object subsystem initialized
LogConfig: Setting CVar [[con.DebugEarlyDefault:1]]
LogConfig: Setting CVar [[r.setres:1280x720]]
[2019.07.29-02.46.27:784][  0]LogConfig: Setting CVar [[r.VSync:0]]
[2019.07.29-02.46.27:784][  0]LogConfig: Setting CVar [[r.RHICmdBypass:0]]
[2019.07.29-02.46.27:784][  0]LogConfig: Applying CVar settings from Section [/Script/Engine.RendererSettings] File [D:/LCG/Vigilant_Saga/UR_Projects/GitHub_Repo/Vigilant-Saga/VS_01/Saved/Config/Windows/Engine.ini]
[2019.07.29-02.46.27:784][  0]LogConfig: Setting CVar [[r.GPUCrashDebugging:0]]
[2019.07.29-02.46.27:784][  0]LogConfig: Setting CVar [[r.DefaultFeature.MotionBlur:0]]
[2019.07.29-02.46.27:784][  0]LogConfig: Setting CVar [[r.DefaultFeature.AutoExposure:0]]
[2019.07.29-02.46.27:785][  0]LogConfig: Setting CVar [[r.DefaultFeature.Bloom:0]]
[2019.07.29-02.46.27:785][  0]LogConfig: Applying CVar settings from Section [/Script/Engine.RendererOverrideSettings] File [D:/LCG/Vigilant_Saga/UR_Projects/GitHub_Repo/Vigilant-Saga/VS_01/Saved/Config/Windows/Engine.ini]
[2019.07.29-02.46.27:785][  0]LogConfig: Applying CVar settings from Section [/Script/Engine.StreamingSettings] File [D:/LCG/Vigilant_Saga/UR_Projects/GitHub_Repo/Vigilant-Saga/VS_01/Saved/Config/Windows/Engine.ini]
[2019.07.29-02.46.27:785][  0]LogConfig: Setting CVar [[s.MinBulkDataSizeForAsyncLoading:131072]]
[2019.07.29-02.46.27:785][  0]LogConfig: Setting CVar [[s.AsyncLoadingThreadEnabled:0]]
[2019.07.29-02.46.27:785][  0]LogConfig: Setting CVar [[s.EventDrivenLoaderEnabled:1]]
[2019.07.29-02.46.27:785][  0]LogConfig: Setting CVar [[s.WarnIfTimeLimitExceeded:0]]
[2019.07.29-02.46.27:785][  0]LogConfig: Setting CVar [[s.TimeLimitExceededMultiplier:1.5]]
[2019.07.29-02.46.27:785][  0]LogConfig: Setting CVar [[s.TimeLimitExceededMinTime:0.005]]
[2019.07.29-02.46.27:785][  0]LogConfig: Setting CVar [[s.UseBackgroundLevelStreaming:1]]
[2019.07.29-02.46.27:785][  0]LogConfig: Setting CVar [[s.PriorityAsyncLoadingExtraTime:15.0]]
[2019.07.29-02.46.27:785][  0]LogConfig: Setting CVar [[s.LevelStreamingActorsUpdateTimeLimit:5.0]]
[2019.07.29-02.46.27:785][  0]LogConfig: Setting CVar [[s.PriorityLevelStreamingActorsUpdateExtraTime:5.0]]
[2019.07.29-02.46.27:785][  0]LogConfig: Setting CVar [[s.LevelStreamingComponentsRegistrationGranularity:10]]
[2019.07.29-02.46.27:785][  0]LogConfig: Setting CVar [[s.UnregisterComponentsTimeLimit:1.0]]
[2019.07.29-02.46.27:785][  0]LogConfig: Setting CVar [[s.LevelStreamingComponentsUnregistrationGranularity:5]]
[2019.07.29-02.46.27:785][  0]LogConfig: Applying CVar settings from Section [/Script/Engine.GarbageCollectionSettings] File [D:/LCG/Vigilant_Saga/UR_Projects/GitHub_Repo/Vigilant-Saga/VS_01/Saved/Config/Windows/Engine.ini]
[2019.07.29-02.46.27:785][  0]LogConfig: Setting CVar [[gc.MaxObjectsNotConsideredByGC:1]]
[2019.07.29-02.46.27:785][  0]LogConfig: Setting CVar [[gc.SizeOfPermanentObjectPool:0]]
[2019.07.29-02.46.27:785][  0]LogConfig: Setting CVar [[gc.FlushStreamingOnGC:0]]
[2019.07.29-02.46.27:785][  0]LogConfig: Setting CVar [[gc.NumRetriesBeforeForcingGC:10]]
[2019.07.29-02.46.27:785][  0]LogConfig: Setting CVar [[gc.AllowParallelGC:1]]
[2019.07.29-02.46.27:785][  0]LogConfig: Setting CVar [[gc.TimeBetweenPurgingPendingKillObjects:61.1]]
[2019.07.29-02.46.27:785][  0]LogConfig: Setting CVar [[gc.MaxObjectsInEditor:8388607]]
[2019.07.29-02.46.27:785][  0]LogConfig: Setting CVar [[gc.IncrementalBeginDestroyEnabled:1]]
[2019.07.29-02.46.27:785][  0]LogConfig: Setting CVar [[gc.CreateGCClusters:1]]
[2019.07.29-02.46.27:785][  0]LogConfig: Setting CVar [[gc.MergeGCClusters:0]]
[2019.07.29-02.46.27:785][  0]LogConfig: Setting CVar [[gc.MinGCClusterSize:5]]
[2019.07.29-02.46.27:785][  0]LogConfig: Setting CVar [[gc.ActorClusteringEnabled:0]]
[2019.07.29-02.46.27:785][  0]LogConfig: Setting CVar [[gc.BlueprintClusteringEnabled:0]]
[2019.07.29-02.46.27:785][  0]LogConfig: Setting CVar [[gc.UseDisregardForGCOnDedicatedServers:0]]
[2019.07.29-02.46.27:785][  0]LogConfig: Applying CVar settings from Section [/Script/Engine.NetworkSettings] File [D:/LCG/Vigilant_Saga/UR_Projects/GitHub_Repo/Vigilant-Saga/VS_01/Saved/Config/Windows/Engine.ini]
[2019.07.29-02.46.27:785][  0]LogConfig: Applying CVar settings from Section [/Script/UnrealEd.CookerSettings] File [D:/LCG/Vigilant_Saga/UR_Projects/GitHub_Repo/Vigilant-Saga/VS_01/Saved/Config/Windows/Engine.ini]
[2019.07.29-02.46.27:793][  0]LogConfig: Applying CVar settings from Section [ViewDistanceQuality@3] File [D:/LCG/Vigilant_Saga/UR_Projects/GitHub_Repo/Vigilant-Saga/VS_01/Saved/Config/Windows/Scalability.ini]
[2019.07.29-02.46.27:793][  0]LogConfig: Setting CVar [[r.SkeletalMeshLODBias:0]]
[2019.07.29-02.46.27:793][  0]LogConfig: Setting CVar [[r.ViewDistanceScale:1.0]]
[2019.07.29-02.46.27:793][  0]LogConfig: Applying CVar settings from Section [AntiAliasingQuality@3] File [D:/LCG/Vigilant_Saga/UR_Projects/GitHub_Repo/Vigilant-Saga/VS_01/Saved/Config/Windows/Scalability.ini]
[2019.07.29-02.46.27:793][  0]LogConfig: Setting CVar [[r.PostProcessAAQuality:4]]
[2019.07.29-02.46.27:793][  0]LogConfig: Applying CVar settings from Section [ShadowQuality@3] File [D:/LCG/Vigilant_Saga/UR_Projects/GitHub_Repo/Vigilant-Saga/VS_01/Saved/Config/Windows/Scalability.ini]
[2019.07.29-02.46.27:793][  0]LogConfig: Setting CVar [[r.LightFunctionQuality:1]]
[2019.07.29-02.46.27:793][  0]LogConfig: Setting CVar [[r.ShadowQuality:5]]
[2019.07.29-02.46.27:793][  0]LogConfig: Setting CVar [[r.Shadow.CSM.MaxCascades:10]]
[2019.07.29-02.46.27:793][  0]LogConfig: Setting CVar [[r.Shadow.MaxResolution:2048]]
[2019.07.29-02.46.27:793][  0]LogConfig: Setting CVar [[r.Shadow.MaxCSMResolution:2048]]
[2019.07.29-02.46.27:793][  0]LogConfig: Setting CVar [[r.Shadow.RadiusThreshold:0.01]]
[2019.07.29-02.46.27:793][  0]LogConfig: Setting CVar [[r.Shadow.DistanceScale:1.0]]
[2019.07.29-02.46.27:793][  0]LogConfig: Setting CVar [[r.Shadow.CSM.TransitionScale:1.0]]
[2019.07.29-02.46.27:793][  0]LogConfig: Setting CVar [[r.Shadow.PreShadowResolutionFactor:1.0]]
[2019.07.29-02.46.27:793][  0]LogConfig: Setting CVar [[r.DistanceFieldShadowing:1]]
[2019.07.29-02.46.27:793][  0]LogConfig: Setting CVar [[r.DistanceFieldAO:1]]
[2019.07.29-02.46.27:793][  0]LogConfig: Setting CVar [[r.AOQuality:2]]
[2019.07.29-02.46.27:793][  0]LogConfig: Setting CVar [[r.VolumetricFog:1]]
[2019.07.29-02.46.27:793][  0]LogConfig: Setting CVar [[r.VolumetricFog.GridPixelSize:8]]
[2019.07.29-02.46.27:793][  0]LogConfig: Setting CVar [[r.VolumetricFog.GridSizeZ:128]]
[2019.07.29-02.46.27:793][  0]LogConfig: Setting CVar [[r.VolumetricFog.HistoryMissSupersampleCount:4]]
[2019.07.29-02.46.27:793][  0]LogConfig: Setting CVar [[r.LightMaxDrawDistanceScale:1]]
[2019.07.29-02.46.27:793][  0]LogConfig: Setting CVar [[r.CapsuleShadows:1]]
[2019.07.29-02.46.27:793][  0]LogConfig: Applying CVar settings from Section [PostProcessQuality@3] File [D:/LCG/Vigilant_Saga/UR_Projects/GitHub_Repo/Vigilant-Saga/VS_01/Saved/Config/Windows/Scalability.ini]
[2019.07.29-02.46.27:793][  0]LogConfig: Setting CVar [[r.MotionBlurQuality:4]]
[2019.07.29-02.46.27:793][  0]LogConfig: Setting CVar [[r.AmbientOcclusionMipLevelFactor:0.4]]
[2019.07.29-02.46.27:793][  0]LogConfig: Setting CVar [[r.AmbientOcclusionMaxQuality:100]]
[2019.07.29-02.46.27:793][  0]LogConfig: Setting CVar [[r.AmbientOcclusionLevels:-1]]
[2019.07.29-02.46.27:793][  0]LogConfig: Setting CVar [[r.AmbientOcclusionRadiusScale:1.0]]
[2019.07.29-02.46.27:793][  0]LogConfig: Setting CVar [[r.DepthOfFieldQuality:2]]
[2019.07.29-02.46.27:793][  0]LogConfig: Setting CVar [[r.RenderTargetPoolMin:400]]
[2019.07.29-02.46.27:793][  0]LogConfig: Setting CVar [[r.LensFlareQuality:2]]
[2019.07.29-02.46.27:793][  0]LogConfig: Setting CVar [[r.SceneColorFringeQuality:1]]
[2019.07.29-02.46.27:793][  0]LogConfig: Setting CVar [[r.EyeAdaptationQuality:2]]
[2019.07.29-02.46.27:793][  0]LogConfig: Setting CVar [[r.BloomQuality:5]]
[2019.07.29-02.46.27:793][  0]LogConfig: Setting CVar [[r.FastBlurThreshold:100]]
[2019.07.29-02.46.27:793][  0]LogConfig: Setting CVar [[r.Upscale.Quality:3]]
[2019.07.29-02.46.27:793][  0]LogConfig: Setting CVar [[r.Tonemapper.GrainQuantization:1]]
[2019.07.29-02.46.27:793][  0]LogConfig: Setting CVar [[r.LightShaftQuality:1]]
[2019.07.29-02.46.27:793][  0]LogConfig: Setting CVar [[r.Filter.SizeScale:1]]
[2019.07.29-02.46.27:793][  0]LogConfig: Setting CVar [[r.Tonemapper.Quality:5]]
[2019.07.29-02.46.27:793][  0]LogConfig: Setting CVar [[r.DOF.Gather.AccumulatorQuality:1        ; higher gathering accumulator quality]]
[2019.07.29-02.46.27:793][  0]LogConfig: Setting CVar [[r.DOF.Gather.PostfilterMethod:1          ; Median3x3 postfilering method]]
[2019.07.29-02.46.27:794][  0]LogConfig: Setting CVar [[r.DOF.Gather.EnableBokehSettings:0       ; no bokeh simulation when gathering]]
[2019.07.29-02.46.27:794][  0]LogConfig: Setting CVar [[r.DOF.Gather.RingCount:4                 ; medium number of samples when gathering]]
[2019.07.29-02.46.27:794][  0]LogConfig: Setting CVar [[r.DOF.Scatter.ForegroundCompositing:1    ; additive foreground scattering]]
[2019.07.29-02.46.27:794][  0]LogConfig: Setting CVar [[r.DOF.Scatter.BackgroundCompositing:2    ; additive background scattering]]
[2019.07.29-02.46.27:794][  0]LogConfig: Setting CVar [[r.DOF.Scatter.EnableBokehSettings:1      ; bokeh simulation when scattering]]
[2019.07.29-02.46.27:794][  0]LogConfig: Setting CVar [[r.DOF.Scatter.MaxSpriteRatio:0.1         ; only a maximum of 10% of scattered bokeh]]
[2019.07.29-02.46.27:794][  0]LogConfig: Setting CVar [[r.DOF.Recombine.Quality:1                ; cheap slight out of focus]]
[2019.07.29-02.46.27:794][  0]LogConfig: Setting CVar [[r.DOF.Recombine.EnableBokehSettings:0    ; no bokeh simulation on slight out of focus]]
[2019.07.29-02.46.27:794][  0]LogConfig: Setting CVar [[r.DOF.TemporalAAQuality:1                ; more stable temporal accumulation]]
[2019.07.29-02.46.27:794][  0]LogConfig: Setting CVar [[r.DOF.Kernel.MaxForegroundRadius:0.025]]
[2019.07.29-02.46.27:794][  0]LogConfig: Setting CVar [[r.DOF.Kernel.MaxBackgroundRadius:0.025]]
[2019.07.29-02.46.27:794][  0]LogConfig: Applying CVar settings from Section [TextureQuality@3] File [D:/LCG/Vigilant_Saga/UR_Projects/GitHub_Repo/Vigilant-Saga/VS_01/Saved/Config/Windows/Scalability.ini]
[2019.07.29-02.46.27:794][  0]LogConfig: Setting CVar [[r.Streaming.MipBias:0]]
[2019.07.29-02.46.27:794][  0]LogConfig: Setting CVar [[r.Streaming.AmortizeCPUToGPUCopy:0]]
[2019.07.29-02.46.27:794][  0]LogConfig: Setting CVar [[r.Streaming.MaxNumTexturesToStreamPerFrame:0]]
[2019.07.29-02.46.27:794][  0]LogConfig: Setting CVar [[r.Streaming.Boost:1]]
[2019.07.29-02.46.27:794][  0]LogConfig: Setting CVar [[r.MaxAnisotropy:8]]
[2019.07.29-02.46.27:794][  0]LogConfig: Setting CVar [[r.Streaming.LimitPoolSizeToVRAM:0]]
[2019.07.29-02.46.27:794][  0]LogConfig: Setting CVar [[r.Streaming.PoolSize:1000]]
[2019.07.29-02.46.27:794][  0]LogConfig: Setting CVar [[r.Streaming.MaxEffectiveScreenSize:0]]
[2019.07.29-02.46.27:794][  0]LogConfig: Applying CVar settings from Section [EffectsQuality@3] File [D:/LCG/Vigilant_Saga/UR_Projects/GitHub_Repo/Vigilant-Saga/VS_01/Saved/Config/Windows/Scalability.ini]
[2019.07.29-02.46.27:794][  0]LogConfig: Setting CVar [[r.TranslucencyLightingVolumeDim:64]]
[2019.07.29-02.46.27:794][  0]LogConfig: Setting CVar [[r.RefractionQuality:2]]
[2019.07.29-02.46.27:794][  0]LogConfig: Setting CVar [[r.SSR.Quality:3]]
[2019.07.29-02.46.27:794][  0]LogConfig: Setting CVar [[r.SceneColorFormat:4]]
[2019.07.29-02.46.27:794][  0]LogConfig: Setting CVar [[r.DetailMode:2]]
[2019.07.29-02.46.27:794][  0]LogConfig: Setting CVar [[r.TranslucencyVolumeBlur:1]]
[2019.07.29-02.46.27:794][  0]LogConfig: Setting CVar [[r.MaterialQualityLevel:1 ; High quality]]
[2019.07.29-02.46.27:794][  0]LogConfig: Setting CVar [[r.SSS.Scale:1]]
[2019.07.29-02.46.27:794][  0]LogConfig: Setting CVar [[r.SSS.SampleSet:2]]
[2019.07.29-02.46.27:794][  0]LogConfig: Setting CVar [[r.SSS.Quality:1]]
[2019.07.29-02.46.27:794][  0]LogConfig: Setting CVar [[r.SSS.HalfRes:1]]
[2019.07.29-02.46.27:794][  0]LogConfig: Setting CVar [[r.EmitterSpawnRateScale:1.0]]
[2019.07.29-02.46.27:794][  0]LogConfig: Setting CVar [[r.ParticleLightQuality:2]]
[2019.07.29-02.46.27:794][  0]LogConfig: Applying CVar settings from Section [FoliageQuality@3] File [D:/LCG/Vigilant_Saga/UR_Projects/GitHub_Repo/Vigilant-Saga/VS_01/Saved/Config/Windows/Scalability.ini]
[2019.07.29-02.46.27:794][  0]LogConfig: Setting CVar [[foliage.DensityScale:1.0]]
[2019.07.29-02.46.27:794][  0]LogConfig: Setting CVar [[grass.DensityScale:1.0]]
[2019.07.29-02.46.27:795][  0]LogInit: Selected Device Profile: [Windows]
[2019.07.29-02.46.27:795][  0]LogInit: Applying CVar settings loaded from the selected device profile: [Windows]
[2019.07.29-02.46.27:808][  0]LogHAL: Display: Platform has ~ 16 GB [17036156928 / 17179869184 / 16], which maps to Larger [LargestMinGB=32, LargerMinGB=12, DefaultMinGB=8, SmallerMinGB=6, SmallestMinGB=0)
[2019.07.29-02.46.27:809][  0]LogConfig: Setting CVar [[r.Vulkan.UseRealUBs:1]]
[2019.07.29-02.46.27:809][  0]LogInit: Going up to parent DeviceProfile []
[2019.07.29-02.46.27:809][  0]LogConfig: Applying CVar settings from Section [ViewDistanceQuality@3] File [D:/LCG/Vigilant_Saga/UR_Projects/GitHub_Repo/Vigilant-Saga/VS_01/Saved/Config/Windows/Scalability.ini]
[2019.07.29-02.46.27:809][  0]LogConfig: Setting CVar [[r.SkeletalMeshLODBias:0]]
[2019.07.29-02.46.27:809][  0]LogConfig: Setting CVar [[r.ViewDistanceScale:1.0]]
[2019.07.29-02.46.27:809][  0]LogConfig: Applying CVar settings from Section [AntiAliasingQuality@3] File [D:/LCG/Vigilant_Saga/UR_Projects/GitHub_Repo/Vigilant-Saga/VS_01/Saved/Config/Windows/Scalability.ini]
[2019.07.29-02.46.27:809][  0]LogConfig: Setting CVar [[r.PostProcessAAQuality:4]]
[2019.07.29-02.46.27:809][  0]LogConfig: Applying CVar settings from Section [ShadowQuality@3] File [D:/LCG/Vigilant_Saga/UR_Projects/GitHub_Repo/Vigilant-Saga/VS_01/Saved/Config/Windows/Scalability.ini]
[2019.07.29-02.46.27:809][  0]LogConfig: Setting CVar [[r.LightFunctionQuality:1]]
[2019.07.29-02.46.27:809][  0]LogConfig: Setting CVar [[r.ShadowQuality:5]]
[2019.07.29-02.46.27:809][  0]LogConfig: Setting CVar [[r.Shadow.CSM.MaxCascades:10]]
[2019.07.29-02.46.27:809][  0]LogConfig: Setting CVar [[r.Shadow.MaxResolution:2048]]
[2019.07.29-02.46.27:809][  0]LogConfig: Setting CVar [[r.Shadow.MaxCSMResolution:2048]]
[2019.07.29-02.46.27:809][  0]LogConfig: Setting CVar [[r.Shadow.RadiusThreshold:0.01]]
[2019.07.29-02.46.27:809][  0]LogConfig: Setting CVar [[r.Shadow.DistanceScale:1.0]]
[2019.07.29-02.46.27:809][  0]LogConfig: Setting CVar [[r.Shadow.CSM.TransitionScale:1.0]]
[2019.07.29-02.46.27:809][  0]LogConfig: Setting CVar [[r.Shadow.PreShadowResolutionFactor:1.0]]
[2019.07.29-02.46.27:809][  0]LogConfig: Setting CVar [[r.DistanceFieldShadowing:1]]
[2019.07.29-02.46.27:809][  0]LogConfig: Setting CVar [[r.DistanceFieldAO:1]]
[2019.07.29-02.46.27:809][  0]LogConfig: Setting CVar [[r.AOQuality:2]]
[2019.07.29-02.46.27:809][  0]LogConfig: Setting CVar [[r.VolumetricFog:1]]
[2019.07.29-02.46.27:809][  0]LogConfig: Setting CVar [[r.VolumetricFog.GridPixelSize:8]]
[2019.07.29-02.46.27:809][  0]LogConfig: Setting CVar [[r.VolumetricFog.GridSizeZ:128]]
[2019.07.29-02.46.27:809][  0]LogConfig: Setting CVar [[r.VolumetricFog.HistoryMissSupersampleCount:4]]
[2019.07.29-02.46.27:809][  0]LogConfig: Setting CVar [[r.LightMaxDrawDistanceScale:1]]
[2019.07.29-02.46.27:809][  0]LogConfig: Setting CVar [[r.CapsuleShadows:1]]
[2019.07.29-02.46.27:809][  0]LogConfig: Applying CVar settings from Section [PostProcessQuality@3] File [D:/LCG/Vigilant_Saga/UR_Projects/GitHub_Repo/Vigilant-Saga/VS_01/Saved/Config/Windows/Scalability.ini]
[2019.07.29-02.46.27:809][  0]LogConfig: Setting CVar [[r.MotionBlurQuality:4]]
[2019.07.29-02.46.27:809][  0]LogConfig: Setting CVar [[r.AmbientOcclusionMipLevelFactor:0.4]]
[2019.07.29-02.46.27:809][  0]LogConfig: Setting CVar [[r.AmbientOcclusionMaxQuality:100]]
[2019.07.29-02.46.27:809][  0]LogConfig: Setting CVar [[r.AmbientOcclusionLevels:-1]]
[2019.07.29-02.46.27:809][  0]LogConfig: Setting CVar [[r.AmbientOcclusionRadiusScale:1.0]]
[2019.07.29-02.46.27:809][  0]LogConfig: Setting CVar [[r.DepthOfFieldQuality:2]]
[2019.07.29-02.46.27:809][  0]LogConfig: Setting CVar [[r.RenderTargetPoolMin:400]]
[2019.07.29-02.46.27:809][  0]LogConfig: Setting CVar [[r.LensFlareQuality:2]]
[2019.07.29-02.46.27:809][  0]LogConfig: Setting CVar [[r.SceneColorFringeQuality:1]]
[2019.07.29-02.46.27:809][  0]LogConfig: Setting CVar [[r.EyeAdaptationQuality:2]]
[2019.07.29-02.46.27:809][  0]LogConfig: Setting CVar [[r.BloomQuality:5]]
[2019.07.29-02.46.27:809][  0]LogConfig: Setting CVar [[r.FastBlurThreshold:100]]
[2019.07.29-02.46.27:809][  0]LogConfig: Setting CVar [[r.Upscale.Quality:3]]
[2019.07.29-02.46.27:809][  0]LogConfig: Setting CVar [[r.Tonemapper.GrainQuantization:1]]
[2019.07.29-02.46.27:809][  0]LogConfig: Setting CVar [[r.LightShaftQuality:1]]
[2019.07.29-02.46.27:809][  0]LogConfig: Setting CVar [[r.Filter.SizeScale:1]]
[2019.07.29-02.46.27:809][  0]LogConfig: Setting CVar [[r.Tonemapper.Quality:5]]
[2019.07.29-02.46.27:809][  0]LogConfig: Setting CVar [[r.DOF.Gather.AccumulatorQuality:1        ; higher gathering accumulator quality]]
[2019.07.29-02.46.27:809][  0]LogConfig: Setting CVar [[r.DOF.Gather.PostfilterMethod:1          ; Median3x3 postfilering method]]
[2019.07.29-02.46.27:809][  0]LogConfig: Setting CVar [[r.DOF.Gather.EnableBokehSettings:0       ; no bokeh simulation when gathering]]
[2019.07.29-02.46.27:810][  0]LogConfig: Setting CVar [[r.DOF.Gather.RingCount:4                 ; medium number of samples when gathering]]
[2019.07.29-02.46.27:810][  0]LogConfig: Setting CVar [[r.DOF.Scatter.ForegroundCompositing:1    ; additive foreground scattering]]
[2019.07.29-02.46.27:810][  0]LogConfig: Setting CVar [[r.DOF.Scatter.BackgroundCompositing:2    ; additive background scattering]]
[2019.07.29-02.46.27:810][  0]LogConfig: Setting CVar [[r.DOF.Scatter.EnableBokehSettings:1      ; bokeh simulation when scattering]]
[2019.07.29-02.46.27:810][  0]LogConfig: Setting CVar [[r.DOF.Scatter.MaxSpriteRatio:0.1         ; only a maximum of 10% of scattered bokeh]]
[2019.07.29-02.46.27:810][  0]LogConfig: Setting CVar [[r.DOF.Recombine.Quality:1                ; cheap slight out of focus]]
[2019.07.29-02.46.27:810][  0]LogConfig: Setting CVar [[r.DOF.Recombine.EnableBokehSettings:0    ; no bokeh simulation on slight out of focus]]
[2019.07.29-02.46.27:810][  0]LogConfig: Setting CVar [[r.DOF.TemporalAAQuality:1                ; more stable temporal accumulation]]
[2019.07.29-02.46.27:810][  0]LogConfig: Setting CVar [[r.DOF.Kernel.MaxForegroundRadius:0.025]]
[2019.07.29-02.46.27:810][  0]LogConfig: Setting CVar [[r.DOF.Kernel.MaxBackgroundRadius:0.025]]
[2019.07.29-02.46.27:810][  0]LogConfig: Applying CVar settings from Section [TextureQuality@3] File [D:/LCG/Vigilant_Saga/UR_Projects/GitHub_Repo/Vigilant-Saga/VS_01/Saved/Config/Windows/Scalability.ini]
[2019.07.29-02.46.27:810][  0]LogConfig: Setting CVar [[r.Streaming.MipBias:0]]
[2019.07.29-02.46.27:810][  0]LogConfig: Setting CVar [[r.Streaming.AmortizeCPUToGPUCopy:0]]
[2019.07.29-02.46.27:810][  0]LogConfig: Setting CVar [[r.Streaming.MaxNumTexturesToStreamPerFrame:0]]
[2019.07.29-02.46.27:810][  0]LogConfig: Setting CVar [[r.Streaming.Boost:1]]
[2019.07.29-02.46.27:810][  0]LogConfig: Setting CVar [[r.MaxAnisotropy:8]]
[2019.07.29-02.46.27:810][  0]LogConfig: Setting CVar [[r.Streaming.LimitPoolSizeToVRAM:0]]
[2019.07.29-02.46.27:810][  0]LogConfig: Setting CVar [[r.Streaming.PoolSize:1000]]
[2019.07.29-02.46.27:810][  0]LogConfig: Setting CVar [[r.Streaming.MaxEffectiveScreenSize:0]]
[2019.07.29-02.46.27:810][  0]LogConfig: Applying CVar settings from Section [EffectsQuality@3] File [D:/LCG/Vigilant_Saga/UR_Projects/GitHub_Repo/Vigilant-Saga/VS_01/Saved/Config/Windows/Scalability.ini]
[2019.07.29-02.46.27:810][  0]LogConfig: Setting CVar [[r.TranslucencyLightingVolumeDim:64]]
[2019.07.29-02.46.27:810][  0]LogConfig: Setting CVar [[r.RefractionQuality:2]]
[2019.07.29-02.46.27:810][  0]LogConfig: Setting CVar [[r.SSR.Quality:3]]
[2019.07.29-02.46.27:810][  0]LogConfig: Setting CVar [[r.SceneColorFormat:4]]
[2019.07.29-02.46.27:810][  0]LogConfig: Setting CVar [[r.DetailMode:2]]
[2019.07.29-02.46.27:810][  0]LogConfig: Setting CVar [[r.TranslucencyVolumeBlur:1]]
[2019.07.29-02.46.27:810][  0]LogConfig: Setting CVar [[r.MaterialQualityLevel:1 ; High quality]]
[2019.07.29-02.46.27:810][  0]LogConfig: Setting CVar [[r.SSS.Scale:1]]
[2019.07.29-02.46.27:810][  0]LogConfig: Setting CVar [[r.SSS.SampleSet:2]]
[2019.07.29-02.46.27:810][  0]LogConfig: Setting CVar [[r.SSS.Quality:1]]
[2019.07.29-02.46.27:810][  0]LogConfig: Setting CVar [[r.SSS.HalfRes:1]]
[2019.07.29-02.46.27:810][  0]LogConfig: Setting CVar [[r.EmitterSpawnRateScale:1.0]]
[2019.07.29-02.46.27:810][  0]LogConfig: Setting CVar [[r.ParticleLightQuality:2]]
[2019.07.29-02.46.27:810][  0]LogConfig: Applying CVar settings from Section [FoliageQuality@3] File [D:/LCG/Vigilant_Saga/UR_Projects/GitHub_Repo/Vigilant-Saga/VS_01/Saved/Config/Windows/Scalability.ini]
[2019.07.29-02.46.27:810][  0]LogConfig: Setting CVar [[foliage.DensityScale:1.0]]
[2019.07.29-02.46.27:810][  0]LogConfig: Setting CVar [[grass.DensityScale:1.0]]
[2019.07.29-02.46.27:810][  0]LogConfig: Applying CVar settings from Section [Startup] File [../../../Engine/Config/ConsoleVariables.ini]
[2019.07.29-02.46.27:811][  0]LogConfig: Setting CVar [[net.UseAdaptiveNetUpdateFrequency:0]]
[2019.07.29-02.46.27:811][  0]LogConfig: Applying CVar settings from Section [ConsoleVariables] File [D:/LCG/Vigilant_Saga/UR_Projects/GitHub_Repo/Vigilant-Saga/VS_01/Saved/Config/Windows/Engine.ini]
[2019.07.29-02.46.27:811][  0]LogInit: Computer: AWL17MYC
[2019.07.29-02.46.27:811][  0]LogInit: User: Manny
[2019.07.29-02.46.27:811][  0]LogInit: CPU Page size=4096, Cores=4
[2019.07.29-02.46.27:811][  0]LogInit: High frequency timer resolution =2.531253 MHz
[2019.07.29-02.46.27:811][  0]LogMemory: Memory total: Physical=15.9GB (16GB approx)
[2019.07.29-02.46.27:811][  0]LogMemory: Platform Memory Stats for Windows
[2019.07.29-02.46.27:811][  0]LogMemory: Process Physical Memory: 102.08 MB used, 102.08 MB peak
[2019.07.29-02.46.27:811][  0]LogMemory: Process Virtual Memory: 91.51 MB used, 91.51 MB peak
[2019.07.29-02.46.27:811][  0]LogMemory: Physical Memory: 12804.09 MB used,  3442.86 MB free, 16246.95 MB total
[2019.07.29-02.46.27:811][  0]LogMemory: Virtual Memory: 4639.41 MB used,  134213088.00 MB free, 134217728.00 MB total
[2019.07.29-02.46.28:130][  0]LogInit: Using OS detected language (en-US).
[2019.07.29-02.46.28:130][  0]LogInit: Using OS detected locale (en-US).
[2019.07.29-02.46.28:137][  0]LogTextLocalizationManager: No specific localization for 'en-US' exists, so the 'en' localization will be used.
[2019.07.29-02.46.28:828][  0]LogStreaming: Display: Took  0.699s to InitEngineTextLocalization.
[2019.07.29-02.46.28:829][  0]LogInit: Setting process to per monitor DPI aware
[2019.07.29-02.46.28:904][  0]LogSlate: New Slate User Created.  User Index 0, Is Virtual User: 0
[2019.07.29-02.46.28:904][  0]LogSlate: Slate User Registered.  User Index 0, Is Virtual User: 0
[2019.07.29-02.46.32:400][  0]LogD3D11RHI: D3D11 adapters:
[2019.07.29-02.46.32:682][  0]LogD3D11RHI:    0. 'NVIDIA GeForce GTX 1080' (Feature Level 11_0)
[2019.07.29-02.46.32:682][  0]LogD3D11RHI:       8079/0/8123 MB DedicatedVideo/DedicatedSystem/SharedSystem, Outputs:2, VendorId:0x10de
[2019.07.29-02.46.32:703][  0]LogD3D11RHI:    1. 'Intel(R) HD Graphics 530' (Feature Level 11_0)
[2019.07.29-02.46.32:703][  0]LogD3D11RHI:       128/0/8123 MB DedicatedVideo/DedicatedSystem/SharedSystem, Outputs:0, VendorId:0x8086
[2019.07.29-02.46.32:706][  0]LogD3D11RHI:    2. 'Microsoft Basic Render Driver' (Feature Level 11_0)
[2019.07.29-02.46.32:707][  0]LogD3D11RHI:       0/0/8123 MB DedicatedVideo/DedicatedSystem/SharedSystem, Outputs:0, VendorId:0x1414
[2019.07.29-02.46.32:707][  0]LogD3D11RHI: Chosen D3D11 Adapter: 0
[2019.07.29-02.46.32:775][  0]LogD3D11RHI: Creating new Direct3DDevice
[2019.07.29-02.46.32:775][  0]LogD3D11RHI:     GPU DeviceId: 0x1b80 (for the marketing name, search the web for "GPU Device Id")
[2019.07.29-02.46.32:775][  0]LogWindows: EnumDisplayDevices:
[2019.07.29-02.46.32:775][  0]LogWindows:    0. 'Intel(R) HD Graphics 530' (P:1 D:1)
[2019.07.29-02.46.32:776][  0]LogWindows:    1. 'Intel(R) HD Graphics 530' (P:0 D:0)
[2019.07.29-02.46.32:776][  0]LogWindows:    2. 'Intel(R) HD Graphics 530' (P:0 D:0)
[2019.07.29-02.46.32:776][  0]LogWindows:    3. 'NVIDIA GeForce GTX 1080' (P:0 D:1)
[2019.07.29-02.46.32:777][  0]LogWindows:    4. 'NVIDIA GeForce GTX 1080' (P:0 D:0)
[2019.07.29-02.46.32:777][  0]LogWindows:    5. 'NVIDIA GeForce GTX 1080' (P:0 D:0)
[2019.07.29-02.46.32:778][  0]LogWindows:    6. 'NVIDIA GeForce GTX 1080' (P:0 D:0)
[2019.07.29-02.46.32:778][  0]LogWindows: DebugString: PrimaryIsNotTheChoosenAdapter PrimaryIsNotTheChoosenAdapter PrimaryIsNotTheChoosenAdapter FoundDriverCount:4 
[2019.07.29-02.46.32:778][  0]LogD3D11RHI:     Adapter Name: NVIDIA GeForce GTX 1080
[2019.07.29-02.46.32:778][  0]LogD3D11RHI:   Driver Version: 418.81 (internal:25.21.14.1881, unified:418.81)
[2019.07.29-02.46.32:778][  0]LogD3D11RHI:      Driver Date: 1-30-2019
[2019.07.29-02.46.32:778][  0]LogRHI: Texture pool is 5655 MB (70% of 8079 MB)
[2019.07.29-02.46.32:842][  0]LogD3D11RHI: Async texture creation enabled
[2019.07.29-02.46.32:871][  0]LogD3D11RHI: GPU Timing Frequency: 1000.000000 (Debug: 2 1)
[2019.07.29-02.46.33:570][  0]LogTemp: Display: Loaded TP AllDesktopTargetPlatform
[2019.07.29-02.46.33:602][  0]LogTemp: Display: Loaded TP MacClientTargetPlatform
[2019.07.29-02.46.33:627][  0]LogTemp: Display: Loaded TP MacNoEditorTargetPlatform
[2019.07.29-02.46.33:654][  0]LogTemp: Display: Loaded TP MacServerTargetPlatform
[2019.07.29-02.46.33:681][  0]LogTemp: Display: Loaded TP MacTargetPlatform
[2019.07.29-02.46.33:707][  0]LogTemp: Display: Loaded TP WindowsClientTargetPlatform
[2019.07.29-02.46.33:739][  0]LogTemp: Display: Loaded TP WindowsNoEditorTargetPlatform
[2019.07.29-02.46.33:769][  0]LogTemp: Display: Loaded TP WindowsServerTargetPlatform
[2019.07.29-02.46.33:787][  0]LogTemp: Display: Loaded TP WindowsTargetPlatform
[2019.07.29-02.46.33:927][  0]LogTemp: Display: Loaded TP AndroidTargetPlatform
[2019.07.29-02.46.33:927][  0]LogTemp: Display: Loaded TP AndroidTargetPlatform
[2019.07.29-02.46.33:927][  0]LogTemp: Display: Loaded TP AndroidTargetPlatform
[2019.07.29-02.46.33:927][  0]LogTemp: Display: Loaded TP AndroidTargetPlatform
[2019.07.29-02.46.33:927][  0]LogTemp: Display: Loaded TP AndroidTargetPlatform
[2019.07.29-02.46.33:927][  0]LogTemp: Display: Loaded TP AndroidTargetPlatform
[2019.07.29-02.46.33:927][  0]LogTemp: Display: Loaded TP AndroidTargetPlatform
[2019.07.29-02.46.33:927][  0]LogTemp: Display: Loaded TP AndroidTargetPlatform
[2019.07.29-02.46.33:927][  0]LogTemp: Display: Loaded TP AndroidTargetPlatform
[2019.07.29-02.46.33:927][  0]LogTemp: Display: Loaded TP AndroidTargetPlatform
[2019.07.29-02.46.33:927][  0]LogTemp: Display: Loaded TP AndroidTargetPlatform
[2019.07.29-02.46.33:927][  0]LogTemp: Display: Loaded TP AndroidTargetPlatform
[2019.07.29-02.46.33:927][  0]LogTemp: Display: Loaded TP AndroidTargetPlatform
[2019.07.29-02.46.33:927][  0]LogTemp: Display: Loaded TP AndroidTargetPlatform
[2019.07.29-02.46.33:927][  0]LogTemp: Display: Loaded TP AndroidTargetPlatform
[2019.07.29-02.46.33:927][  0]LogTemp: Display: Loaded TP AndroidTargetPlatform
[2019.07.29-02.46.33:927][  0]LogTemp: Display: Loaded TP AndroidTargetPlatform
[2019.07.29-02.46.33:927][  0]LogTemp: Display: Loaded TP AndroidTargetPlatform
[2019.07.29-02.46.33:942][  0]LogTemp: Display: Loaded TP HTML5TargetPlatform
[2019.07.29-02.46.34:045][  0]LogTemp: Display: Loaded TP IOSTargetPlatform
[2019.07.29-02.46.34:045][  0]LogTemp: Display: Loaded TP IOSTargetPlatform
[2019.07.29-02.46.34:092][  0]LogTemp: Display: Loaded TP TVOSTargetPlatform
[2019.07.29-02.46.34:092][  0]LogTemp: Display: Loaded TP TVOSTargetPlatform
[2019.07.29-02.46.34:121][  0]LogTemp: Display: Loaded TP LinuxClientTargetPlatform
[2019.07.29-02.46.34:152][  0]LogTemp: Display: Loaded TP LinuxNoEditorTargetPlatform
[2019.07.29-02.46.34:175][  0]LogTemp: Display: Loaded TP LinuxServerTargetPlatform
[2019.07.29-02.46.34:206][  0]LogTemp: Display: Loaded TP LinuxTargetPlatform
[2019.07.29-02.46.34:293][  0]LogTemp: Display: Loaded TP LuminTargetPlatform
[2019.07.29-02.46.34:293][  0]LogTemp: Display: Loaded TP LuminTargetPlatform
[2019.07.29-02.46.34:293][  0]LogTargetPlatformManager: Display: Building Assets For Windows
[2019.07.29-02.46.34:654][  0]LogShaderCompilers: Guid format shader working directory is -19 characters bigger than the processId version (D:/LCG/Vigilant_Saga/UR_Projects/GitHub_Repo/Vigilant-Saga/VS_01/Intermediate/Shaders/WorkingDirectory/26356/).
[2019.07.29-02.46.34:654][  0]LogShaderCompilers: Cleaned the shader compiler working directory 'C:/Users/Manny/AppData/Local/Temp/UnrealShaderWorkingDir/CE1E86714C6F069A93D8AA9B0C523D1B/'.
[2019.07.29-02.46.34:657][  0]LogXGEController: Cleaning working directory: C:/Users/Manny/AppData/Local/Temp/UnrealXGEWorkingDir/
[2019.07.29-02.46.34:669][  0]LogShaderCompilers: Display: Using XGE Shader Compiler (Interception Interface).
[2019.07.29-02.46.35:775][  0]LogDerivedDataCache: Display: Max Cache Size: 512 MB
[2019.07.29-02.46.36:232][  0]LogDerivedDataCache: Loaded boot cache 0.45s 71MB C:/Users/Manny/AppData/Local/UnrealEngine/4.21/DerivedDataCache/Boot.ddc.
[2019.07.29-02.46.36:232][  0]LogDerivedDataCache: Display: Loaded Boot cache: C:/Users/Manny/AppData/Local/UnrealEngine/4.21/DerivedDataCache/Boot.ddc
[2019.07.29-02.46.36:232][  0]LogDerivedDataCache: FDerivedDataBackendGraph:  Pak pak cache file D:/LCG/Vigilant_Saga/UR_Projects/GitHub_Repo/Vigilant-Saga/VS_01/DerivedDataCache/DDC.ddp not found, will not use a pak cache.
[2019.07.29-02.46.36:232][  0]LogDerivedDataCache: Unable to find inner node Pak for hierarchical cache Hierarchy.
[2019.07.29-02.46.36:232][  0]LogDerivedDataCache: FDerivedDataBackendGraph:  CompressedPak pak cache file D:/LCG/Vigilant_Saga/UR_Projects/GitHub_Repo/Vigilant-Saga/VS_01/DerivedDataCache/Compressed.ddp not found, will not use a pak cache.
[2019.07.29-02.46.36:232][  0]LogDerivedDataCache: Unable to find inner node CompressedPak for hierarchical cache Hierarchy.
[2019.07.29-02.46.36:257][  0]LogDerivedDataCache: Display: Pak cache opened for reading ../../../Engine/DerivedDataCache/Compressed.ddp.
[2019.07.29-02.46.36:257][  0]LogDerivedDataCache: FDerivedDataBackendGraph:  EnterprisePak pak cache file ../../../Enterprise/DerivedDataCache/Compressed.ddp not found, will not use a pak cache.
[2019.07.29-02.46.36:257][  0]LogDerivedDataCache: Unable to find inner node EnterprisePak for hierarchical cache Hierarchy.
[2019.07.29-02.46.36:269][  0]LogDerivedDataCache: Using Local data cache path C:/Users/Manny/AppData/Local/UnrealEngine/Common/DerivedDataCache: Writable
[2019.07.29-02.46.36:269][  0]LogDerivedDataCache: Shared data cache path not found in *engine.ini, will not use an Shared cache.
[2019.07.29-02.46.36:269][  0]LogDerivedDataCache: Unable to find inner node Shared for hierarchical cache Hierarchy.
[2019.07.29-02.46.36:308][  0]LogMaterial: Verifying Global Shaders for PCD3D_SM5
[2019.07.29-02.46.36:311][  0]LogSlate: Using FreeType 2.6.0
[2019.07.29-02.46.36:317][  0]LogSlate: SlateFontServices - WITH_FREETYPE: 1, WITH_HARFBUZZ: 1
[2019.07.29-02.46.36:559][  0]LogAssetRegistry: FAssetRegistry took 0.0394 seconds to start up
[2019.07.29-02.46.37:207][  0]LogInit: Selected Device Profile: [Windows]
[2019.07.29-02.46.37:577][  0]LogSimplygon: Simplygon DLL not present - disabling.
[2019.07.29-02.46.37:607][  0]LogMeshReduction: Using SimplygonSwarm for distributed automatic mesh merging
[2019.07.29-02.46.37:608][  0]LogMeshReduction: Using ProxyLODMeshReduction for automatic mesh merging
[2019.07.29-02.46.37:608][  0]LogMeshReduction: Using QuadricMeshReduction for automatic static mesh reduction
[2019.07.29-02.46.37:608][  0]LogMeshReduction: No automatic skeletal mesh reduction module available
[2019.07.29-02.46.37:660][  0]LogNetVersion: VS_01 1.0.0, NetCL: 4541578, EngineNetVer: 5, GameNetVer: 0 (Checksum: 649262815)
[2019.07.29-02.46.38:729][  0]LogPackageLocalizationCache: Processed 11 localized package path(s) for 2 prioritized culture(s) in 0.156056 seconds
[2019.07.29-02.46.38:741][  0]LogUObjectArray: 39775 objects as part of root set at end of initial load.
[2019.07.29-02.46.38:741][  0]LogUObjectAllocator: 6914656 out of 0 bytes used by permanent object pool.
[2019.07.29-02.46.38:741][  0]LogUObjectArray: CloseDisregardForGC: 0/0 objects in disregard for GC pool
[2019.07.29-02.46.41:739][  0]LogTcpMessaging: Initializing TcpMessaging bridge
[2019.07.29-02.46.41:759][  0]LogUdpMessaging: Initializing bridge on interface 0.0.0.0:0 to multicast group 230.0.0.1:6666.
[2019.07.29-02.46.43:157][  0]SourceControl: Source control is disabled
[2019.07.29-02.46.43:157][  0]SourceControl: Source control is disabled
[2019.07.29-02.46.43:174][  0]SourceControl: Source control is disabled
[2019.07.29-02.46.43:182][  0]SourceControl: Source control is disabled
[2019.07.29-02.46.43:821][  0]LogAndroidPermission: UAndroidPermissionCallbackProxy::GetInstance
[2019.07.29-02.46.44:315][  0]LogOcInput: OculusInput pre-init called
[2019.07.29-02.46.44:571][  0]LogEngine: Initializing Engine...
[2019.07.29-02.46.44:583][  0]LogHMD: SteamVR initialized.  Driver: lighthouse  Display: LHR-2F3D98B8
[2019.07.29-02.46.44:586][  0]LogStats: UGameplayTagsManager::ConstructGameplayTagTree: ImportINI prefixes -  0.000 s
[2019.07.29-02.46.44:586][  0]LogStats: UGameplayTagsManager::ConstructGameplayTagTree: Construct from data asset -  0.000 s
[2019.07.29-02.46.44:587][  0]LogStats: UGameplayTagsManager::ConstructGameplayTagTree: ImportINI -  0.001 s
[2019.07.29-02.46.44:587][  0]LogStats: UGameplayTagsManager::ConstructGameplayTagTree: GameplayTagTreeChangedEvent.Broadcast -  0.000 s
[2019.07.29-02.46.44:967][  0]LogInit: Initializing FReadOnlyCVARCache
[2019.07.29-02.46.45:000][  0]LogAIModule: Creating AISystem for world Untitled
[2019.07.29-02.46.45:206][  0]LogInit: XAudio2 using 'Speakers (Sound Blaster Recon3Di)' : 2 channels at 48 kHz using 32 bits per sample (channel mask 0x3)
[2019.07.29-02.46.45:292][  0]LogInit: FAudioDevice initialized.
[2019.07.29-02.46.45:294][  0]LogNetVersion: Set ProjectVersion to 1.0.0.0. Version Checksum will be recalculated on next use.
[2019.07.29-02.46.45:511][  0]LogDerivedDataCache: Saved boot cache 0.22s 71MB C:/Users/Manny/AppData/Local/UnrealEngine/4.21/DerivedDataCache/Boot.ddc.
[2019.07.29-02.46.45:519][  0]LogInit: Texture streaming: Enabled
[2019.07.29-02.46.45:881][  0]LogEngineSessionManager: EngineSessionManager initialized
[2019.07.29-02.46.45:917][  0]LogInit: Transaction tracking system initialized
[2019.07.29-02.46.45:996][  0]BlueprintLog: New page: Editor Load
[2019.07.29-02.46.46:332][  0]LocalizationService: Localization service is disabled
[2019.07.29-02.46.47:784][  0]LogFileCache: Scanning file cache for directory 'D:/LCG/Vigilant_Saga/UR_Projects/GitHub_Repo/Vigilant-Saga/VS_01/Content/' took 0.02s
[2019.07.29-02.46.47:784][  0]LogCook: Display: Max memory allowance for cook 16384mb min free memory 0mb
[2019.07.29-02.46.47:784][  0]LogCook: Display: Mobile HDR setting 1
[2019.07.29-02.46.47:784][  0]LogGameplayTags: Display: UGameplayTagsManager::DoneAddingNativeTags. DelegateIsBound: 0
[2019.07.29-02.46.47:785][  0]LogStats: UGameplayTagsManager::ConstructGameplayTagTree: ImportINI prefixes -  0.000 s
[2019.07.29-02.46.47:785][  0]LogStats: UGameplayTagsManager::ConstructGameplayTagTree: Construct from data asset -  0.000 s
[2019.07.29-02.46.47:785][  0]LogStats: UGameplayTagsManager::ConstructGameplayTagTree: ImportINI -  0.000 s
[2019.07.29-02.46.47:785][  0]LogStats: UGameplayTagsManager::ConstructGameplayTagTree: GameplayTagTreeChangedEvent.Broadcast -  0.000 s
[2019.07.29-02.46.48:297][  0]SourceControl: Source control is disabled
[2019.07.29-02.46.48:297][  0]Cmd: MAP LOAD FILE="D:/LCG/Vigilant_Saga/UR_Projects/GitHub_Repo/Vigilant-Saga/VS_01/Content/UltimateTopDownTactics/Maps/Demonstration.umap" TEMPLATE=0 SHOWPROGRESS=1 FEATURELEVEL=3
[2019.07.29-02.46.48:298][  0]LightingResults: New page: Lighting Build
[2019.07.29-02.46.48:305][  0]MapCheck: New page: Map Check
[2019.07.29-02.46.48:305][  0]LightingResults: New page: Lighting Build
[2019.07.29-02.46.55:607][  0]LogAIModule: Creating AISystem for world Demonstration
[2019.07.29-02.46.56:445][  0]LogEditorServer: Finished looking for orphan Actors (0.000 secs)
[2019.07.29-02.46.56:514][  0]Cmd: MAP CHECKDEP NOCLEARLOG
[2019.07.29-02.46.56:515][  0]MapCheck: Map check complete: 0 Error(s), 0 Warning(s), took 0.734ms to complete.
[2019.07.29-02.46.56:515][  0]LogFileHelpers: Loading map 'Demonstration' took 8.218
[2019.07.29-02.46.58:962][  0]LogSlate: Only BGRA pngs, bmps or icos are supported in by External Image Picker
[2019.07.29-02.46.59:077][  0]LogSlate: Updating window title bar state: overlay mode, drag disabled, window buttons hidden, title bar hidden
[2019.07.29-02.46.59:106][  0]LogSlate: Updating window title bar state: overlay mode, drag disabled, window buttons hidden, title bar hidden
[2019.07.29-02.46.59:123][  0]LogSlate: Updating window title bar state: overlay mode, drag disabled, window buttons hidden, title bar hidden
[2019.07.29-02.46.59:134][  0]LogSlate: Updating window title bar state: overlay mode, drag disabled, window buttons hidden, title bar hidden
[2019.07.29-02.46.59:164][  0]LogTemp: Executing iPhonePackager certificates Engine -bundlename com.YourCompany.VS01
[2019.07.29-02.46.59:164][  0]LogTemp: CWD: F:\Program Files\Epic Games\UE_4.21\Engine\Binaries\DotNET\IOS
[2019.07.29-02.46.59:164][  0]LogTemp: Initial Dir: F:\Program Files\Epic Games\UE_4.21
[2019.07.29-02.46.59:165][  0]LogTemp: Env CWD: F:\Program Files\Epic Games\UE_4.21\Engine\Binaries\DotNET\IOS
[2019.07.29-02.46.59:165][  0]LogCollectionManager: Loaded 0 collections in 0.002671 seconds
[2019.07.29-02.46.59:244][  0]LogTemp: BranchPath = AWL17MYC/F/Program Files/Epic Games/UE_4.21/Engine/Binaries --- GameBranchPath = AWL17MYC/F/Program Files/Epic Games/UE_4.21/Engine/Binaries
[2019.07.29-02.46.59:244][  0]LogFileCache: Scanning file cache for directory 'D:/LCG/Vigilant_Saga/UR_Projects/GitHub_Repo/Vigilant-Saga/VS_01/Saved/Collections/' took 0.01s
[2019.07.29-02.46.59:244][  0]LogTemp: IPP ERROR: Could not find provision directory 'C:\Users\Manny\AppData\Local/Apple Computer/MobileDevice/Provisioning Profiles/'.
[2019.07.29-02.46.59:244][  0]LogFileCache: Scanning file cache for directory 'D:/LCG/Vigilant_Saga/UR_Projects/GitHub_Repo/Vigilant-Saga/VS_01/Content/Developers/Manny/Collections/' took 0.01s
[2019.07.29-02.46.59:244][  0]LogFileCache: Scanning file cache for directory 'D:/LCG/Vigilant_Saga/UR_Projects/GitHub_Repo/Vigilant-Saga/VS_01/Content/Collections/' took 0.01s
[2019.07.29-02.46.59:245][  0]LogCollectionManager: Rebuilt the GUID cache for 0 collections in 0.000000 seconds
[2019.07.29-02.46.59:261][  0]LogContentBrowser: Native class hierarchy populated in 0.0156 seconds. Added 2651 classes and 620 folders.
[2019.07.29-02.46.59:279][  0]LogContentBrowser: Native class hierarchy updated for 'WidgetCarousel' in 0.0004 seconds. Added 0 classes and 0 folders.
[2019.07.29-02.46.59:290][  0]LogPakFile: Registered encryption key '00000000000000000000000000000000': 0 pak files mounted, 0 remain pending
[2019.07.29-02.46.59:295][  0]LogPakFile: Registered encryption key '00000000000000000000000000000000': 0 pak files mounted, 0 remain pending
[2019.07.29-02.46.59:297][  0]LogPakFile: Registered encryption key '00000000000000000000000000000000': 0 pak files mounted, 0 remain pending
[2019.07.29-02.46.59:300][  0]LogPakFile: Registered encryption key '00000000000000000000000000000000': 0 pak files mounted, 0 remain pending
[2019.07.29-02.46.59:302][  0]LogPakFile: Registered encryption key '00000000000000000000000000000000': 0 pak files mounted, 0 remain pending
[2019.07.29-02.46.59:306][  0]LogPakFile: Registered encryption key '00000000000000000000000000000000': 0 pak files mounted, 0 remain pending
[2019.07.29-02.46.59:308][  0]LogPakFile: Registered encryption key '00000000000000000000000000000000': 0 pak files mounted, 0 remain pending
[2019.07.29-02.46.59:311][  0]LogPakFile: Registered encryption key '00000000000000000000000000000000': 0 pak files mounted, 0 remain pending
[2019.07.29-02.46.59:313][  0]LogPakFile: Registered encryption key '00000000000000000000000000000000': 0 pak files mounted, 0 remain pending
[2019.07.29-02.46.59:316][  0]LogPakFile: Registered encryption key '00000000000000000000000000000000': 0 pak files mounted, 0 remain pending
[2019.07.29-02.46.59:318][  0]LogPakFile: Registered encryption key '00000000000000000000000000000000': 0 pak files mounted, 0 remain pending
[2019.07.29-02.46.59:321][  0]LogPakFile: Registered encryption key '00000000000000000000000000000000': 0 pak files mounted, 0 remain pending
[2019.07.29-02.46.59:323][  0]LogPakFile: Registered encryption key '00000000000000000000000000000000': 0 pak files mounted, 0 remain pending
[2019.07.29-02.46.59:325][  0]LogPakFile: Registered encryption key '00000000000000000000000000000000': 0 pak files mounted, 0 remain pending
[2019.07.29-02.46.59:327][  0]LogPakFile: Registered encryption key '00000000000000000000000000000000': 0 pak files mounted, 0 remain pending
[2019.07.29-02.46.59:329][  0]LogPakFile: Registered encryption key '00000000000000000000000000000000': 0 pak files mounted, 0 remain pending
[2019.07.29-02.46.59:331][  0]LogPakFile: Registered encryption key '00000000000000000000000000000000': 0 pak files mounted, 0 remain pending
[2019.07.29-02.46.59:333][  0]LogPakFile: Registered encryption key '00000000000000000000000000000000': 0 pak files mounted, 0 remain pending
[2019.07.29-02.46.59:335][  0]LogPakFile: Registered encryption key '00000000000000000000000000000000': 0 pak files mounted, 0 remain pending
[2019.07.29-02.46.59:339][  0]LogPakFile: Registered encryption key '00000000000000000000000000000000': 0 pak files mounted, 0 remain pending
[2019.07.29-02.46.59:342][  0]LogPakFile: Registered encryption key '00000000000000000000000000000000': 0 pak files mounted, 0 remain pending
[2019.07.29-02.46.59:344][  0]LogPakFile: Registered encryption key '00000000000000000000000000000000': 0 pak files mounted, 0 remain pending
[2019.07.29-02.46.59:346][  0]LogPakFile: Registered encryption key '00000000000000000000000000000000': 0 pak files mounted, 0 remain pending
[2019.07.29-02.46.59:349][  0]LogPakFile: Registered encryption key '00000000000000000000000000000000': 0 pak files mounted, 0 remain pending
[2019.07.29-02.46.59:351][  0]LogPakFile: Registered encryption key '00000000000000000000000000000000': 0 pak files mounted, 0 remain pending
[2019.07.29-02.46.59:354][  0]LogPakFile: Registered encryption key '00000000000000000000000000000000': 0 pak files mounted, 0 remain pending
[2019.07.29-02.46.59:494][  0]LogContentBrowser: Native class hierarchy updated for 'AddContentDialog' in 0.0004 seconds. Added 0 classes and 0 folders.
[2019.07.29-02.46.59:518][  0]LogContentBrowser: Native class hierarchy updated for 'SceneOutliner' in 0.0004 seconds. Added 1 classes and 2 folders.
[2019.07.29-02.46.59:610][  0]LogContentBrowser: Native class hierarchy updated for 'HierarchicalLODOutliner' in 0.0010 seconds. Added 0 classes and 0 folders.
[2019.07.29-02.46.59:613][  0]LogLoad: (Engine Initialization) Total time: 36.96 seconds
[2019.07.29-02.46.59:613][  0]LogLoad: (Engine Initialization) Total Blueprint compile time: 0.00 seconds
[2019.07.29-02.46.59:801][  0]LogRenderer: Reallocating scene render targets to support 64x64 Format 10 NumSamples 1 (Frame:1).
[2019.07.29-02.46.59:801][  0]LogContentStreaming: Texture pool size now 1000 MB
[2019.07.29-02.46.59:808][  0]LogSlate: Took 0.004013 seconds to synchronously load lazily loaded font '../../../Engine/Content/Slate/Fonts/Roboto-Regular.ttf' (155K)
[2019.07.29-02.46.59:813][  0]LogSlate: Took 0.001852 seconds to synchronously load lazily loaded font '../../../Engine/Content/Slate/Fonts/Roboto-Bold.ttf' (160K)
[2019.07.29-02.46.59:825][  0]LogSlate: Took 0.002408 seconds to synchronously load lazily loaded font '../../../Engine/Content/Editor/Slate/Fonts/FontAwesome.ttf' (139K)
[2019.07.29-02.47.00:045][  0]LogRenderer: Reallocating scene render targets to support 1084x512 Format 10 NumSamples 1 (Frame:1).
[2019.07.29-02.47.00:045][  0]LogSlate: Took 0.001114 seconds to synchronously load lazily loaded font '../../../Engine/Content/Slate/Fonts/Roboto-Light.ttf' (167K)
[2019.07.29-02.47.01:648][  5]LogSlate: Took 0.000254 seconds to synchronously load lazily loaded font '../../../Engine/Content/Slate/Fonts/Roboto-Light.ttf' (167K)
[2019.07.29-02.47.02:774][ 14]LogAssetRegistry: Asset discovery search completed in 26.2375 seconds
[2019.07.29-02.47.02:777][ 14]LogCollectionManager: Rebuilt the object cache for 0 collections in 0.000000 seconds (found 0 objects)
[2019.07.29-02.47.02:777][ 14]LogCollectionManager: Fixed up redirectors for 0 collections in 0.000087 seconds (updated 0 objects)
